<?xml version="1.0" encoding="UTF-8"?>
<testsuite name="Ingresar a productos y servicios para validar PDf en tarjeta de credito" tests="1" skipped="0" failures="1" errors="0" timestamp="2020-09-07T17:07:01" hostname="SBMEDLAPPROJR51" time="0.505">
  <properties/>
  <testcase name="Validar PDf en tarjeta de credito" classname="Ingresar a productos y servicios para validar PDf en tarjeta de credito" time="0.505">
    <failure message="net.serenitybdd.screenplay.exceptions.ActorCannotBrowseTheWebException: The actor Juan does not have the ability to browse the web" type="net.serenitybdd.screenplay.exceptions.ActorCannotBrowseTheWebException">net.serenitybdd.screenplay.exceptions.ActorCannotBrowseTheWebException: The actor Juan does not have the ability to browse the web
	at net.serenitybdd.screenplay.abilities.BrowseTheWeb.as(BrowseTheWeb.java:45)
	at net.serenitybdd.screenplay.actions.OpenPage.performAs(OpenPage.java:21)
	at net.serenitybdd.screenplay.actions.OpenPage$$EnhancerByCGLIB$$dba123b6.CGLIB$performAs$0(&lt;generated&gt;)
	at net.serenitybdd.screenplay.actions.OpenPage$$EnhancerByCGLIB$$dba123b6$$FastClassByCGLIB$$785f3e13.invoke(&lt;generated&gt;)
	at net.sf.cglib.proxy.MethodProxy.invokeSuper(MethodProxy.java:228)
	at net.thucydides.core.steps.StepInterceptor.invokeMethod(StepInterceptor.java:449)
	at net.thucydides.core.steps.StepInterceptor.executeTestStepMethod(StepInterceptor.java:434)
	at net.thucydides.core.steps.StepInterceptor.runTestStep(StepInterceptor.java:409)
	at net.thucydides.core.steps.StepInterceptor.runOrSkipMethod(StepInterceptor.java:150)
	at net.thucydides.core.steps.StepInterceptor.testStepResult(StepInterceptor.java:137)
	at net.thucydides.core.steps.StepInterceptor.intercept(StepInterceptor.java:68)
	at net.serenitybdd.screenplay.actions.OpenPage$$EnhancerByCGLIB$$dba123b6.performAs(&lt;generated&gt;)
	at net.serenitybdd.screenplay.Actor.performTask(Actor.java:176)
	at net.serenitybdd.screenplay.Actor.perform(Actor.java:157)
	at net.serenitybdd.screenplay.Actor.attemptsTo(Actor.java:138)
	at tasks.AbrirElBrowser.performAs(AbrirElBrowser.java:21)
	at tasks.AbrirElBrowser$$EnhancerByCGLIB$$aa607b51.CGLIB$performAs$0(&lt;generated&gt;)
	at tasks.AbrirElBrowser$$EnhancerByCGLIB$$aa607b51$$FastClassByCGLIB$$12076760.invoke(&lt;generated&gt;)
	at net.sf.cglib.proxy.MethodProxy.invokeSuper(MethodProxy.java:228)
	at net.thucydides.core.steps.BaseMethodRunner.invokeMethod(BaseMethodRunner.java:10)
	at net.thucydides.core.steps.NormalMethodRunner.invokeMethodAndNotifyFailures(NormalMethodRunner.java:20)
	at net.thucydides.core.steps.StepInterceptor.runNormalMethod(StepInterceptor.java:361)
	at net.thucydides.core.steps.StepInterceptor.testStepResult(StepInterceptor.java:132)
	at net.thucydides.core.steps.StepInterceptor.intercept(StepInterceptor.java:68)
	at tasks.AbrirElBrowser$$EnhancerByCGLIB$$aa607b51.performAs(&lt;generated&gt;)
	at net.serenitybdd.screenplay.Actor.performTask(Actor.java:176)
	at net.serenitybdd.screenplay.Actor.perform(Actor.java:157)
	at net.serenitybdd.screenplay.Actor.attemptsTo(Actor.java:138)
	at net.serenitybdd.screenplay.Actor.wasAbleTo(Actor.java:132)
	at stepdefinitions.ValidarTarjetaCreditoStepDefinition.queJuanQuiereIngresarAProductosYServiciosDePersonasBanistmo(ValidarTarjetaCreditoStepDefinition.java:34)
	at âœ½.que Juan quiere ingresar a productos y servicios de personas banistmo(src/test/resources/features/validar_tarjeta_credito.feature:4)
</failure>
  </testcase>
  <system-out><![CDATA[]]></system-out>
  <system-err><![CDATA[[Test worker] ERROR net.thucydides.core.steps.ConsoleLoggingListener - 
           __  _____ _____ ____ _____   _____ _    ___ _     _____ ____  
  _       / / |_   _| ____/ ___|_   _| |  ___/ \  |_ _| |   | ____|  _ \ 
 (_)_____| |    | | |  _| \___ \ | |   | |_ / _ \  | || |   |  _| | | | |
  _|_____| |    | | | |___ ___) || |   |  _/ ___ \ | || |___| |___| |_| |
 (_)     | |    |_| |_____|____/ |_|   |_|/_/   \_\___|_____|_____|____/ 
          \_\                                                            

TEST FAILED WITH ERROR: Validar PDf en tarjeta de credito
---------------------------------------------------------------------
[Test worker] ERROR net.thucydides.core.steps.ConsoleLoggingListener - TEST FAILED AT STEP Perform as: Juan
[Test worker] ERROR net.thucydides.core.steps.ConsoleLoggingListener - The actor Juan does not have the ability to browse the web
]]></system-err>
</testsuite>
